<?xml version="1.0" encoding="UTF-8"?>
<!-- Generated by org.testng.reporters.JUnitReportReporter -->
<testsuite hostname="tejal" failures="0" tests="1" name="com.EcommerseApplication.testCases.registerTest" time="13.167" errors="0" timestamp="2023-06-05T16:42:48 IST" skipped="0">
  <testcase classname="com.EcommerseApplication.testCases.registerTest" name="TC_RF_008_VerifyregisterFucnalityDiffrentpassAndPassconfirmisBlank" time="13.167"/>
  <system-out/>
</testsuite> <!-- com.EcommerseApplication.testCases.registerTest -->
