<?xml version="1.0" encoding="UTF-8"?>
<!-- Generated by org.testng.reporters.JUnitReportReporter -->
<testsuite hostname="tejal" failures="0" tests="11" name="com.EcommerseApplication.testCases.registerTest" time="97.746" errors="0" timestamp="2023-06-09T12:25:20 IST" skipped="0">
  <testcase classname="com.EcommerseApplication.testCases.registerTest" name="VerifyRegisterAccountWithMandetoryField" time="8.645"/>
  <system-out/>
  <testcase classname="com.EcommerseApplication.testCases.registerTest" name="VerifyRegisterAccountWithAllField" time="7.114"/>
  <system-out/>
  <testcase classname="com.EcommerseApplication.testCases.registerTest" name="verifyRegisterPageWithExsitingEmail" time="13.496"/>
  <system-out/>
  <testcase classname="com.EcommerseApplication.testCases.registerTest" name="verifyRegisterPageWithoutProvidingfeild" time="7.005"/>
  <system-out/>
  <testcase classname="com.EcommerseApplication.testCases.registerTest" name="Verify_Allfieldhave_proper_Placeholder" time="7.023"/>
  <system-out/>
  <testcase classname="com.EcommerseApplication.testCases.registerTest" name="Test_PrivacyPolicyCheckbox_notselected_Bydefault" time="6.400"/>
  <system-out/>
  <testcase classname="com.EcommerseApplication.testCases.registerTest" name="Test_RegisterAccount_withoutSelcting_privacyPolicycheckbox" time="10.418"/>
  <system-out/>
  <testcase classname="com.EcommerseApplication.testCases.registerTest" name="TC_Rf_025_VerifyBreadcrumb" time="5.910"/>
  <system-out/>
  <testcase classname="com.EcommerseApplication.testCases.registerTest" name="TC_RF_023_VerificationOfOtherNavigationPageLink" time="12.707"/>
  <system-out/>
  <testcase classname="com.EcommerseApplication.testCases.registerTest" name="TC_RF_008_VerifyregisterFucnalityDiffrentpassAndPassconfirm" time="7.376"/>
  <system-out/>
  <testcase classname="com.EcommerseApplication.testCases.registerTest" name="TC_RF_008_VerifyregisterFucnalityDiffrentpassAndPassconfirmisBlank" time="11.652"/>
  <system-out/>
</testsuite> <!-- com.EcommerseApplication.testCases.registerTest -->
