<?xml version="1.0" encoding="UTF-8"?>
<!-- Generated by org.testng.reporters.JUnitReportReporter -->
<testsuite hostname="tejal" failures="0" tests="3" name="com.EcommerseApplication.testCases.SearchTest" time="24.974" errors="0" timestamp="2023-06-09T12:25:20 IST" skipped="0">
  <testcase classname="com.EcommerseApplication.testCases.SearchTest" name="verifySearchWithExistingProduct" time="5.679"/>
  <system-out/>
  <testcase classname="com.EcommerseApplication.testCases.SearchTest" name="verifySearchWithNonExistingProduct" time="10.404"/>
  <system-out/>
  <testcase classname="com.EcommerseApplication.testCases.SearchTest" name="verifySearchWithoutEntringProduct" time="8.891"/>
  <system-out/>
</testsuite> <!-- com.EcommerseApplication.testCases.SearchTest -->
