<?xml version="1.0" encoding="UTF-8"?>
<!-- Generated by org.testng.reporters.JUnitReportReporter -->
<testsuite hostname="tejal" failures="1" tests="12" name="com.EcommerseApplication.testCases.loginTest" time="112.344" errors="0" timestamp="2023-06-03T11:17:39 IST" skipped="1">
  <testcase classname="com.EcommerseApplication.testCases.loginTest" name="verifyLoginWithInvalidCredentials" time="12.420"/>
  <system-out/>
  <testcase classname="com.EcommerseApplication.testCases.loginTest" name="verifyLoginWithValidEmailInvalidPassword" time="9.353">
    <failure message="Expected warring message not displayed expected [true] but found [false]" type="java.lang.AssertionError">
      <![CDATA[java.lang.AssertionError: Expected warring message not displayed expected [true] but found [false]
at org.testng.Assert.fail(Assert.java:99)
at org.testng.Assert.failNotEquals(Assert.java:1037)
at org.testng.Assert.assertTrue(Assert.java:45)
at com.EcommerseApplication.testCases.loginTest.verifyLoginWithValidEmailInvalidPassword(loginTest.java:79)
at java.base/jdk.internal.reflect.DirectMethodHandleAccessor.invoke(DirectMethodHandleAccessor.java:104)
at java.base/java.lang.reflect.Method.invoke(Method.java:578)
at org.testng.internal.MethodInvocationHelper.invokeMethod(MethodInvocationHelper.java:133)
at org.testng.internal.TestInvoker.invokeMethod(TestInvoker.java:598)
at org.testng.internal.TestInvoker.invokeTestMethod(TestInvoker.java:173)
at org.testng.internal.MethodRunner.runInSequence(MethodRunner.java:46)
at org.testng.internal.TestInvoker$MethodInvocationAgent.invoke(TestInvoker.java:824)
at org.testng.internal.TestInvoker.invokeTestMethods(TestInvoker.java:146)
at org.testng.internal.TestMethodWorker.invokeTestMethods(TestMethodWorker.java:146)
at org.testng.internal.TestMethodWorker.run(TestMethodWorker.java:128)
at java.base/java.util.ArrayList.forEach(ArrayList.java:1511)
at org.testng.TestRunner.privateRun(TestRunner.java:794)
at org.testng.TestRunner.run(TestRunner.java:596)
at org.testng.SuiteRunner.runTest(SuiteRunner.java:377)
at org.testng.SuiteRunner.runSequentially(SuiteRunner.java:371)
at org.testng.SuiteRunner.privateRun(SuiteRunner.java:332)
at org.testng.SuiteRunner.run(SuiteRunner.java:276)
at org.testng.SuiteRunnerWorker.runSuite(SuiteRunnerWorker.java:53)
at org.testng.SuiteRunnerWorker.run(SuiteRunnerWorker.java:96)
at org.testng.TestNG.runSuitesSequentially(TestNG.java:1212)
at org.testng.TestNG.runSuitesLocally(TestNG.java:1134)
at org.testng.TestNG.runSuites(TestNG.java:1063)
at org.testng.TestNG.run(TestNG.java:1031)
at org.testng.remote.AbstractRemoteTestNG.run(AbstractRemoteTestNG.java:115)
at org.testng.remote.RemoteTestNG.initAndRun(RemoteTestNG.java:251)
at org.testng.remote.RemoteTestNG.main(RemoteTestNG.java:77)
]]>
    </failure>
  </testcase> <!-- verifyLoginWithValidEmailInvalidPassword -->
  <system-out/>
  <testcase classname="com.EcommerseApplication.testCases.loginTest" name="verifyLoginWithInvalidEmailValidPassword" time="14.601"/>
  <system-out/>
  <testcase classname="com.EcommerseApplication.testCases.loginTest" name="verifyLoginWithBlankEmailPassword" time="8.164"/>
  <system-out/>
  <testcase classname="com.EcommerseApplication.testCases.loginTest" name="Login" time="7.759"/>
  <system-out/>
  <testcase classname="com.EcommerseApplication.testCases.loginTest" name="Login" time="12.150"/>
  <system-out/>
  <testcase classname="com.EcommerseApplication.testCases.loginTest" name="Login" time="10.354"/>
  <system-out/>
  <testcase classname="com.EcommerseApplication.testCases.loginTest" name="Login" time="8.127"/>
  <system-out/>
  <testcase classname="com.EcommerseApplication.testCases.loginTest" name="Login" time="7.738"/>
  <system-out/>
  <testcase classname="com.EcommerseApplication.testCases.loginTest" name="TC_LF_006_Forgottenpassword" time="8.794"/>
  <system-out/>
  <testcase classname="com.EcommerseApplication.testCases.loginTest" name="TC_LF_008_PlaceholderVisibilityTest" time="12.884"/>
  <system-out/>
  <testcase classname="com.EcommerseApplication.testCases.loginTest" name="verifyLoginWithValidCredintials">
    <skipped/>
  </testcase> <!-- verifyLoginWithValidCredintials -->
  <system-out/>
</testsuite> <!-- com.EcommerseApplication.testCases.loginTest -->
