<?xml version="1.0" encoding="UTF-8"?>
<!-- Generated by org.testng.reporters.JUnitReportReporter -->
<testsuite hostname="tejal" failures="0" tests="8" name="com.EcommerseApplication.testCases.registerTest" time="92.723" errors="0" timestamp="2023-06-03T11:17:39 IST" skipped="0">
  <testcase classname="com.EcommerseApplication.testCases.registerTest" name="VerifyRegisterAccountWithMandetoryField" time="10.220"/>
  <system-out/>
  <testcase classname="com.EcommerseApplication.testCases.registerTest" name="VerifyRegisterAccountWithAllField" time="13.181"/>
  <system-out/>
  <testcase classname="com.EcommerseApplication.testCases.registerTest" name="verifyRegisterPageWithExsitingEmail" time="11.815"/>
  <system-out/>
  <testcase classname="com.EcommerseApplication.testCases.registerTest" name="verifyRegisterPageWithoutProvidingfeild" time="9.844"/>
  <system-out/>
  <testcase classname="com.EcommerseApplication.testCases.registerTest" name="Verify_Allfieldhave_proper_Placeholder" time="9.947"/>
  <system-out/>
  <testcase classname="com.EcommerseApplication.testCases.registerTest" name="Test_PrivacyPolicyCheckbox_notselected_Bydefault" time="7.901"/>
  <system-out/>
  <testcase classname="com.EcommerseApplication.testCases.registerTest" name="Test_RegisterAccount_withoutSelcting_privacyPolicycheckbox" time="15.833"/>
  <system-out/>
  <testcase classname="com.EcommerseApplication.testCases.registerTest" name="TC_Rf_025_VerifyBreadcrumb" time="13.982"/>
  <system-out/>
</testsuite> <!-- com.EcommerseApplication.testCases.registerTest -->
