<?xml version="1.0" encoding="UTF-8"?>
<!-- Generated by org.testng.reporters.JUnitReportReporter -->
<testsuite hostname="tejal" failures="0" tests="3" name="com.EcommerseApplication.testCases.SearchTest" time="60.555" errors="0" timestamp="2023-06-09T14:18:57 IST" skipped="0">
  <testcase classname="com.EcommerseApplication.testCases.SearchTest" name="verifySearchWithExistingProduct" time="35.275"/>
  <system-out/>
  <testcase classname="com.EcommerseApplication.testCases.SearchTest" name="verifySearchWithNonExistingProduct" time="14.292"/>
  <system-out/>
  <testcase classname="com.EcommerseApplication.testCases.SearchTest" name="verifySearchWithoutEntringProduct" time="10.988"/>
  <system-out/>
</testsuite> <!-- com.EcommerseApplication.testCases.SearchTest -->
