<?xml version="1.0" encoding="UTF-8"?>
<!-- Generated by org.testng.reporters.JUnitReportReporter -->
<testsuite hostname="tejal" failures="0" tests="6" name="com.EcommerseApplication.testCases.SearchTest" time="56.326" errors="0" timestamp="2024-03-26T15:25:23 IST" skipped="1">
  <testcase classname="com.EcommerseApplication.testCases.SearchTest" name="Tc_001_verifySearchWithExistingProduct" time="9.197"/>
  <system-out/>
  <testcase classname="com.EcommerseApplication.testCases.SearchTest" name="Tc_002_verifySearchWithNonExistingProduct" time="11.802"/>
  <system-out/>
  <testcase classname="com.EcommerseApplication.testCases.SearchTest" name="Tc_003_verifySearchWithoutEntringProduct" time="11.630"/>
  <system-out/>
  <testcase classname="com.EcommerseApplication.testCases.SearchTest" name="Tc_006_verifySearchWithoutEntringProductForPlaceholder" time="11.657"/>
  <system-out/>
  <testcase classname="com.EcommerseApplication.testCases.SearchTest" name="TC_Sf_007_Searchusing_serachcriteria_textbox" time="12.040"/>
  <system-out/>
  <testcase classname="com.EcommerseApplication.testCases.SearchTest" name="TC_004_VeriftSearchproductAfterLogin">
    <skipped/>
  </testcase> <!-- TC_004_VeriftSearchproductAfterLogin -->
  <system-out/>
</testsuite> <!-- com.EcommerseApplication.testCases.SearchTest -->
