<?xml version="1.0" encoding="UTF-8"?>
<!-- Generated by org.testng.reporters.JUnitReportReporter -->
<testsuite hostname="tejal" failures="0" tests="3" name="com.EcommerseApplication.testCases.SearchTest" time="34.024" errors="0" timestamp="2023-06-03T14:50:44 IST" skipped="0">
  <testcase classname="com.EcommerseApplication.testCases.SearchTest" name="verifySearchWithExistingProduct" time="8.599"/>
  <system-out/>
  <testcase classname="com.EcommerseApplication.testCases.SearchTest" name="verifySearchWithNonExistingProduct" time="14.140"/>
  <system-out/>
  <testcase classname="com.EcommerseApplication.testCases.SearchTest" name="verifySearchWithoutEntringProduct" time="11.285"/>
  <system-out/>
</testsuite> <!-- com.EcommerseApplication.testCases.SearchTest -->
